<?xml version="1.0" encoding="UTF-8"?>
<coverage generated="1748171511081" clover="3.2.0">
  <project timestamp="1748171511082" name="All files">
    <metrics statements="55" coveredstatements="55" conditionals="13" coveredconditionals="12" methods="18" coveredmethods="18" elements="86" coveredelements="85" complexity="0" loc="55" ncloc="55" packages="1" files="3" classes="3"/>
    <file name="optionService.js" path="/home/webstin/Desktop/university-studing/node-js/project/src/services/optionService.js">
      <metrics statements="13" coveredstatements="13" conditionals="0" coveredconditionals="0" methods="5" coveredmethods="5"/>
      <line num="2" count="3" type="stmt"/>
      <line num="6" count="3" type="stmt"/>
      <line num="9" count="3" type="stmt"/>
      <line num="10" count="3" type="stmt"/>
      <line num="14" count="2" type="stmt"/>
      <line num="18" count="1" type="stmt"/>
      <line num="22" count="2" type="stmt"/>
      <line num="25" count="2" type="stmt"/>
      <line num="26" count="2" type="stmt"/>
      <line num="30" count="2" type="stmt"/>
      <line num="31" count="2" type="stmt"/>
      <line num="32" count="2" type="stmt"/>
      <line num="36" count="3" type="stmt"/>
    </file>
    <file name="pollService.js" path="/home/webstin/Desktop/university-studing/node-js/project/src/services/pollService.js">
      <metrics statements="29" coveredstatements="29" conditionals="13" coveredconditionals="12" methods="8" coveredmethods="8"/>
      <line num="2" count="4" type="stmt"/>
      <line num="6" count="5" type="stmt"/>
      <line num="9" count="5" type="stmt"/>
      <line num="10" count="4" type="stmt"/>
      <line num="14" count="1" type="stmt"/>
      <line num="18" count="10" type="stmt"/>
      <line num="22" count="3" type="stmt"/>
      <line num="25" count="3" type="stmt"/>
      <line num="26" count="3" type="stmt"/>
      <line num="30" count="3" type="stmt"/>
      <line num="31" count="3" type="stmt"/>
      <line num="32" count="3" type="stmt"/>
      <line num="36" count="7" type="stmt"/>
      <line num="37" count="7" type="cond" truecount="2" falsecount="0"/>
      <line num="39" count="6" type="stmt"/>
      <line num="43" count="6" type="cond" truecount="2" falsecount="0"/>
      <line num="44" count="1" type="stmt"/>
      <line num="47" count="5" type="stmt"/>
      <line num="54" count="5" type="cond" truecount="2" falsecount="0"/>
      <line num="56" count="5" type="cond" truecount="2" falsecount="0"/>
      <line num="57" count="3" type="stmt"/>
      <line num="59" count="5" type="stmt"/>
      <line num="68" count="2" type="stmt"/>
      <line num="69" count="3" type="stmt"/>
      <line num="75" count="3" type="cond" truecount="2" falsecount="0"/>
      <line num="76" count="3" type="cond" truecount="1" falsecount="1"/>
      <line num="78" count="3" type="stmt"/>
      <line num="85" count="2" type="stmt"/>
      <line num="93" count="4" type="stmt"/>
    </file>
    <file name="voteService.js" path="/home/webstin/Desktop/university-studing/node-js/project/src/services/voteService.js">
      <metrics statements="13" coveredstatements="13" conditionals="0" coveredconditionals="0" methods="5" coveredmethods="5"/>
      <line num="2" count="3" type="stmt"/>
      <line num="6" count="2" type="stmt"/>
      <line num="9" count="2" type="stmt"/>
      <line num="10" count="2" type="stmt"/>
      <line num="14" count="2" type="stmt"/>
      <line num="18" count="1" type="stmt"/>
      <line num="22" count="2" type="stmt"/>
      <line num="25" count="2" type="stmt"/>
      <line num="26" count="2" type="stmt"/>
      <line num="30" count="2" type="stmt"/>
      <line num="31" count="2" type="stmt"/>
      <line num="32" count="2" type="stmt"/>
      <line num="36" count="3" type="stmt"/>
    </file>
  </project>
</coverage>
