<?xml version="1.0" encoding="UTF-8"?>
<coverage generated="1748169485189" clover="3.2.0">
  <project timestamp="1748169485189" name="All files">
    <metrics statements="39" coveredstatements="39" conditionals="1" coveredconditionals="1" methods="15" coveredmethods="15" elements="55" coveredelements="55" complexity="0" loc="39" ncloc="39" packages="1" files="3" classes="3"/>
    <file name="optionService.js" path="/home/webstin/Desktop/university-studing/node-js/project/src/services/optionService.js">
      <metrics statements="13" coveredstatements="13" conditionals="0" coveredconditionals="0" methods="5" coveredmethods="5"/>
      <line num="2" count="2" type="stmt"/>
      <line num="6" count="3" type="stmt"/>
      <line num="9" count="3" type="stmt"/>
      <line num="10" count="3" type="stmt"/>
      <line num="14" count="2" type="stmt"/>
      <line num="18" count="1" type="stmt"/>
      <line num="22" count="2" type="stmt"/>
      <line num="25" count="2" type="stmt"/>
      <line num="26" count="2" type="stmt"/>
      <line num="30" count="2" type="stmt"/>
      <line num="31" count="2" type="stmt"/>
      <line num="32" count="2" type="stmt"/>
      <line num="36" count="2" type="stmt"/>
    </file>
    <file name="pollService.js" path="/home/webstin/Desktop/university-studing/node-js/project/src/services/pollService.js">
      <metrics statements="13" coveredstatements="13" conditionals="1" coveredconditionals="1" methods="5" coveredmethods="5"/>
      <line num="2" count="3" type="stmt"/>
      <line num="6" count="5" type="stmt"/>
      <line num="9" count="5" type="stmt"/>
      <line num="10" count="4" type="stmt"/>
      <line num="14" count="1" type="stmt"/>
      <line num="18" count="3" type="stmt"/>
      <line num="22" count="3" type="stmt"/>
      <line num="25" count="3" type="stmt"/>
      <line num="26" count="3" type="stmt"/>
      <line num="30" count="3" type="stmt"/>
      <line num="31" count="3" type="stmt"/>
      <line num="32" count="3" type="stmt"/>
      <line num="36" count="3" type="stmt"/>
    </file>
    <file name="voteService.js" path="/home/webstin/Desktop/university-studing/node-js/project/src/services/voteService.js">
      <metrics statements="13" coveredstatements="13" conditionals="0" coveredconditionals="0" methods="5" coveredmethods="5"/>
      <line num="2" count="2" type="stmt"/>
      <line num="6" count="2" type="stmt"/>
      <line num="9" count="2" type="stmt"/>
      <line num="10" count="2" type="stmt"/>
      <line num="14" count="2" type="stmt"/>
      <line num="18" count="1" type="stmt"/>
      <line num="22" count="2" type="stmt"/>
      <line num="25" count="2" type="stmt"/>
      <line num="26" count="2" type="stmt"/>
      <line num="30" count="2" type="stmt"/>
      <line num="31" count="2" type="stmt"/>
      <line num="32" count="2" type="stmt"/>
      <line num="36" count="2" type="stmt"/>
    </file>
  </project>
</coverage>
