{"/home/webstin/Desktop/university-studing/node-js/project/src/services/optionService.js": {"path":"/home/webstin/Desktop/university-studing/node-js/project/src/services/optionService.js","statementMap":{"0":{"start":{"line":2,"column":11},"end":{"line":2,"column":33}},"1":{"start":{"line":6,"column":17},"end":{"line":8,"column":5}},"2":{"start":{"line":9,"column":17},"end":{"line":9,"column":40}},"3":{"start":{"line":10,"column":4},"end":{"line":10,"column":40}},"4":{"start":{"line":14,"column":4},"end":{"line":14,"column":53}},"5":{"start":{"line":18,"column":4},"end":{"line":18,"column":68}},"6":{"start":{"line":22,"column":17},"end":{"line":24,"column":5}},"7":{"start":{"line":25,"column":17},"end":{"line":25,"column":44}},"8":{"start":{"line":26,"column":4},"end":{"line":26,"column":41}},"9":{"start":{"line":30,"column":17},"end":{"line":30,"column":63}},"10":{"start":{"line":31,"column":17},"end":{"line":31,"column":29}},"11":{"start":{"line":32,"column":4},"end":{"line":32,"column":41}},"12":{"start":{"line":36,"column":0},"end":{"line":36,"column":37}}},"fnMap":{"0":{"name":"(anonymous_0)","decl":{"start":{"line":5,"column":2},"end":{"line":5,"column":3}},"loc":{"start":{"line":5,"column":30},"end":{"line":11,"column":3}},"line":5},"1":{"name":"(anonymous_1)","decl":{"start":{"line":13,"column":2},"end":{"line":13,"column":3}},"loc":{"start":{"line":13,"column":18},"end":{"line":15,"column":3}},"line":13},"2":{"name":"(anonymous_2)","decl":{"start":{"line":17,"column":2},"end":{"line":17,"column":3}},"loc":{"start":{"line":17,"column":20},"end":{"line":19,"column":3}},"line":17},"3":{"name":"(anonymous_3)","decl":{"start":{"line":21,"column":2},"end":{"line":21,"column":3}},"loc":{"start":{"line":21,"column":34},"end":{"line":27,"column":3}},"line":21},"4":{"name":"(anonymous_4)","decl":{"start":{"line":29,"column":2},"end":{"line":29,"column":3}},"loc":{"start":{"line":29,"column":19},"end":{"line":33,"column":3}},"line":29}},"branchMap":{},"s":{"0":3,"1":3,"2":3,"3":3,"4":2,"5":1,"6":2,"7":2,"8":2,"9":2,"10":2,"11":2,"12":3},"f":{"0":3,"1":2,"2":1,"3":2,"4":2},"b":{},"_coverageSchema":"1a1c01bbd47fc00a2c39e90264f33305004495a9","hash":"f4d9414952a758b9285ebe400909eabf629b2847"}
,"/home/webstin/Desktop/university-studing/node-js/project/src/services/pollService.js": {"path":"/home/webstin/Desktop/university-studing/node-js/project/src/services/pollService.js","statementMap":{"0":{"start":{"line":2,"column":11},"end":{"line":2,"column":33}},"1":{"start":{"line":6,"column":17},"end":{"line":8,"column":5}},"2":{"start":{"line":9,"column":17},"end":{"line":9,"column":68}},"3":{"start":{"line":10,"column":4},"end":{"line":10,"column":40}},"4":{"start":{"line":14,"column":4},"end":{"line":14,"column":51}},"5":{"start":{"line":18,"column":4},"end":{"line":18,"column":66}},"6":{"start":{"line":22,"column":17},"end":{"line":24,"column":5}},"7":{"start":{"line":25,"column":17},"end":{"line":25,"column":60}},"8":{"start":{"line":26,"column":4},"end":{"line":26,"column":41}},"9":{"start":{"line":30,"column":17},"end":{"line":30,"column":61}},"10":{"start":{"line":31,"column":17},"end":{"line":31,"column":29}},"11":{"start":{"line":32,"column":4},"end":{"line":32,"column":41}},"12":{"start":{"line":36,"column":17},"end":{"line":36,"column":41}},"13":{"start":{"line":37,"column":4},"end":{"line":37,"column":27}},"14":{"start":{"line":37,"column":15},"end":{"line":37,"column":27}},"15":{"start":{"line":39,"column":20},"end":{"line":41,"column":18}},"16":{"start":{"line":43,"column":4},"end":{"line":45,"column":5}},"17":{"start":{"line":44,"column":6},"end":{"line":44,"column":35}},"18":{"start":{"line":47,"column":28},"end":{"line":52,"column":6}},"19":{"start":{"line":54,"column":22},"end":{"line":54,"column":65}},"20":{"start":{"line":56,"column":4},"end":{"line":66,"column":5}},"21":{"start":{"line":57,"column":6},"end":{"line":65,"column":8}},"22":{"start":{"line":59,"column":42},"end":{"line":63,"column":9}},"23":{"start":{"line":68,"column":29},"end":{"line":83,"column":6}},"24":{"start":{"line":69,"column":25},"end":{"line":73,"column":8}},"25":{"start":{"line":75,"column":24},"end":{"line":75,"column":65}},"26":{"start":{"line":76,"column":25},"end":{"line":76,"column":74}},"27":{"start":{"line":78,"column":6},"end":{"line":82,"column":8}},"28":{"start":{"line":85,"column":4},"end":{"line":89,"column":6}},"29":{"start":{"line":93,"column":0},"end":{"line":93,"column":35}}},"fnMap":{"0":{"name":"(anonymous_0)","decl":{"start":{"line":5,"column":2},"end":{"line":5,"column":3}},"loc":{"start":{"line":5,"column":67},"end":{"line":11,"column":3}},"line":5},"1":{"name":"(anonymous_1)","decl":{"start":{"line":13,"column":2},"end":{"line":13,"column":3}},"loc":{"start":{"line":13,"column":16},"end":{"line":15,"column":3}},"line":13},"2":{"name":"(anonymous_2)","decl":{"start":{"line":17,"column":2},"end":{"line":17,"column":3}},"loc":{"start":{"line":17,"column":18},"end":{"line":19,"column":3}},"line":17},"3":{"name":"(anonymous_3)","decl":{"start":{"line":21,"column":2},"end":{"line":21,"column":3}},"loc":{"start":{"line":21,"column":48},"end":{"line":27,"column":3}},"line":21},"4":{"name":"(anonymous_4)","decl":{"start":{"line":29,"column":2},"end":{"line":29,"column":3}},"loc":{"start":{"line":29,"column":17},"end":{"line":33,"column":3}},"line":29},"5":{"name":"(anonymous_5)","decl":{"start":{"line":35,"column":2},"end":{"line":35,"column":3}},"loc":{"start":{"line":35,"column":25},"end":{"line":90,"column":3}},"line":35},"6":{"name":"(anonymous_6)","decl":{"start":{"line":59,"column":29},"end":{"line":59,"column":30}},"loc":{"start":{"line":59,"column":42},"end":{"line":63,"column":9}},"line":59},"7":{"name":"(anonymous_7)","decl":{"start":{"line":68,"column":41},"end":{"line":68,"column":42}},"loc":{"start":{"line":68,"column":53},"end":{"line":83,"column":5}},"line":68}},"branchMap":{"0":{"loc":{"start":{"line":5,"column":33},"end":{"line":5,"column":46}},"type":"default-arg","locations":[{"start":{"line":5,"column":45},"end":{"line":5,"column":46}}],"line":5},"1":{"loc":{"start":{"line":5,"column":48},"end":{"line":5,"column":65}},"type":"default-arg","locations":[{"start":{"line":5,"column":61},"end":{"line":5,"column":65}}],"line":5},"2":{"loc":{"start":{"line":37,"column":4},"end":{"line":37,"column":27}},"type":"if","locations":[{"start":{"line":37,"column":4},"end":{"line":37,"column":27}},{"start":{},"end":{}}],"line":37},"3":{"loc":{"start":{"line":43,"column":4},"end":{"line":45,"column":5}},"type":"if","locations":[{"start":{"line":43,"column":4},"end":{"line":45,"column":5}},{"start":{},"end":{}}],"line":43},"4":{"loc":{"start":{"line":54,"column":22},"end":{"line":54,"column":65}},"type":"binary-expr","locations":[{"start":{"line":54,"column":22},"end":{"line":54,"column":49}},{"start":{"line":54,"column":53},"end":{"line":54,"column":65}}],"line":54},"5":{"loc":{"start":{"line":56,"column":4},"end":{"line":66,"column":5}},"type":"if","locations":[{"start":{"line":56,"column":4},"end":{"line":66,"column":5}},{"start":{},"end":{}}],"line":56},"6":{"loc":{"start":{"line":75,"column":24},"end":{"line":75,"column":65}},"type":"binary-expr","locations":[{"start":{"line":75,"column":24},"end":{"line":75,"column":49}},{"start":{"line":75,"column":53},"end":{"line":75,"column":65}}],"line":75},"7":{"loc":{"start":{"line":76,"column":25},"end":{"line":76,"column":74}},"type":"cond-expr","locations":[{"start":{"line":76,"column":37},"end":{"line":76,"column":70}},{"start":{"line":76,"column":73},"end":{"line":76,"column":74}}],"line":76}},"s":{"0":5,"1":5,"2":5,"3":4,"4":1,"5":10,"6":3,"7":3,"8":3,"9":3,"10":3,"11":3,"12":7,"13":7,"14":1,"15":6,"16":6,"17":1,"18":5,"19":5,"20":5,"21":3,"22":5,"23":2,"24":3,"25":3,"26":3,"27":3,"28":2,"29":5},"f":{"0":5,"1":1,"2":10,"3":3,"4":3,"5":7,"6":5,"7":3},"b":{"0":[4],"1":[5],"2":[1,6],"3":[1,5],"4":[5,1],"5":[3,2],"6":[3,1],"7":[3,0]},"_coverageSchema":"1a1c01bbd47fc00a2c39e90264f33305004495a9","hash":"f7145c316e2d3051263e927ab35c72909912d8dd"}
,"/home/webstin/Desktop/university-studing/node-js/project/src/services/userService.js": {"path":"/home/webstin/Desktop/university-studing/node-js/project/src/services/userService.js","statementMap":{"0":{"start":{"line":2,"column":11},"end":{"line":2,"column":33}},"1":{"start":{"line":11,"column":4},"end":{"line":26,"column":5}},"2":{"start":{"line":12,"column":19},"end":{"line":19,"column":8}},"3":{"start":{"line":21,"column":6},"end":{"line":21,"column":61}},"4":{"start":{"line":23,"column":6},"end":{"line":23,"column":39}},"5":{"start":{"line":25,"column":6},"end":{"line":25,"column":59}},"6":{"start":{"line":35,"column":4},"end":{"line":40,"column":5}},"7":{"start":{"line":36,"column":19},"end":{"line":36,"column":65}},"8":{"start":{"line":37,"column":6},"end":{"line":37,"column":34}},"9":{"start":{"line":39,"column":6},"end":{"line":39,"column":61}},"10":{"start":{"line":44,"column":0},"end":{"line":44,"column":35}}},"fnMap":{"0":{"name":"(anonymous_0)","decl":{"start":{"line":10,"column":2},"end":{"line":10,"column":3}},"loc":{"start":{"line":10,"column":17},"end":{"line":27,"column":3}},"line":10},"1":{"name":"(anonymous_1)","decl":{"start":{"line":34,"column":2},"end":{"line":34,"column":3}},"loc":{"start":{"line":34,"column":18},"end":{"line":41,"column":3}},"line":34}},"branchMap":{"0":{"loc":{"start":{"line":37,"column":13},"end":{"line":37,"column":33}},"type":"binary-expr","locations":[{"start":{"line":37,"column":13},"end":{"line":37,"column":25}},{"start":{"line":37,"column":29},"end":{"line":37,"column":33}}],"line":37}},"s":{"0":1,"1":2,"2":2,"3":2,"4":1,"5":1,"6":4,"7":4,"8":4,"9":1,"10":1},"f":{"0":2,"1":4},"b":{"0":[4,1]},"_coverageSchema":"1a1c01bbd47fc00a2c39e90264f33305004495a9","hash":"f6e21d29258762f21c968dfa5b5dfd89a146fe7c"}
,"/home/webstin/Desktop/university-studing/node-js/project/src/services/voteService.js": {"path":"/home/webstin/Desktop/university-studing/node-js/project/src/services/voteService.js","statementMap":{"0":{"start":{"line":2,"column":11},"end":{"line":2,"column":33}},"1":{"start":{"line":6,"column":17},"end":{"line":8,"column":5}},"2":{"start":{"line":9,"column":17},"end":{"line":9,"column":46}},"3":{"start":{"line":10,"column":4},"end":{"line":10,"column":40}},"4":{"start":{"line":14,"column":4},"end":{"line":14,"column":51}},"5":{"start":{"line":18,"column":4},"end":{"line":18,"column":66}},"6":{"start":{"line":22,"column":17},"end":{"line":24,"column":5}},"7":{"start":{"line":25,"column":17},"end":{"line":25,"column":50}},"8":{"start":{"line":26,"column":4},"end":{"line":26,"column":41}},"9":{"start":{"line":30,"column":17},"end":{"line":30,"column":61}},"10":{"start":{"line":31,"column":17},"end":{"line":31,"column":29}},"11":{"start":{"line":32,"column":4},"end":{"line":32,"column":41}},"12":{"start":{"line":36,"column":0},"end":{"line":36,"column":35}}},"fnMap":{"0":{"name":"(anonymous_0)","decl":{"start":{"line":5,"column":2},"end":{"line":5,"column":3}},"loc":{"start":{"line":5,"column":34},"end":{"line":11,"column":3}},"line":5},"1":{"name":"(anonymous_1)","decl":{"start":{"line":13,"column":2},"end":{"line":13,"column":3}},"loc":{"start":{"line":13,"column":16},"end":{"line":15,"column":3}},"line":13},"2":{"name":"(anonymous_2)","decl":{"start":{"line":17,"column":2},"end":{"line":17,"column":3}},"loc":{"start":{"line":17,"column":18},"end":{"line":19,"column":3}},"line":17},"3":{"name":"(anonymous_3)","decl":{"start":{"line":21,"column":2},"end":{"line":21,"column":3}},"loc":{"start":{"line":21,"column":38},"end":{"line":27,"column":3}},"line":21},"4":{"name":"(anonymous_4)","decl":{"start":{"line":29,"column":2},"end":{"line":29,"column":3}},"loc":{"start":{"line":29,"column":17},"end":{"line":33,"column":3}},"line":29}},"branchMap":{},"s":{"0":3,"1":2,"2":2,"3":2,"4":2,"5":1,"6":2,"7":2,"8":2,"9":2,"10":2,"11":2,"12":3},"f":{"0":2,"1":2,"2":1,"3":2,"4":2},"b":{},"_coverageSchema":"1a1c01bbd47fc00a2c39e90264f33305004495a9","hash":"fd97f3eb54f9e727dd28a2d93f3b0635e7b3dac5"}
}
