TN:
SF:src/services/optionService.js
FN:5,(anonymous_0)
FN:13,(anonymous_1)
FN:17,(anonymous_2)
FN:21,(anonymous_3)
FN:29,(anonymous_4)
FNF:5
FNH:5
FNDA:3,(anonymous_0)
FNDA:2,(anonymous_1)
FNDA:1,(anonymous_2)
FNDA:2,(anonymous_3)
FNDA:2,(anonymous_4)
DA:2,2
DA:6,3
DA:9,3
DA:10,3
DA:14,2
DA:18,1
DA:22,2
DA:25,2
DA:26,2
DA:30,2
DA:31,2
DA:32,2
DA:36,2
LF:13
LH:13
BRF:0
BRH:0
end_of_record
TN:
SF:src/services/pollService.js
FN:5,(anonymous_0)
FN:13,(anonymous_1)
FN:17,(anonymous_2)
FN:21,(anonymous_3)
FN:29,(anonymous_4)
FNF:5
FNH:5
FNDA:5,(anonymous_0)
FNDA:1,(anonymous_1)
FNDA:3,(anonymous_2)
FNDA:3,(anonymous_3)
FNDA:3,(anonymous_4)
DA:2,3
DA:6,5
DA:9,5
DA:10,4
DA:14,1
DA:18,3
DA:22,3
DA:25,3
DA:26,3
DA:30,3
DA:31,3
DA:32,3
DA:36,3
LF:13
LH:13
BRDA:5,0,0,4
BRF:1
BRH:1
end_of_record
TN:
SF:src/services/voteService.js
FN:5,(anonymous_0)
FN:13,(anonymous_1)
FN:17,(anonymous_2)
FN:21,(anonymous_3)
FN:29,(anonymous_4)
FNF:5
FNH:5
FNDA:2,(anonymous_0)
FNDA:2,(anonymous_1)
FNDA:1,(anonymous_2)
FNDA:2,(anonymous_3)
FNDA:2,(anonymous_4)
DA:2,2
DA:6,2
DA:9,2
DA:10,2
DA:14,2
DA:18,1
DA:22,2
DA:25,2
DA:26,2
DA:30,2
DA:31,2
DA:32,2
DA:36,2
LF:13
LH:13
BRF:0
BRH:0
end_of_record
