TN:
SF:src/services/optionService.js
FN:5,(anonymous_0)
FN:13,(anonymous_1)
FN:17,(anonymous_2)
FN:21,(anonymous_3)
FN:29,(anonymous_4)
FNF:5
FNH:5
FNDA:3,(anonymous_0)
FNDA:2,(anonymous_1)
FNDA:1,(anonymous_2)
FNDA:2,(anonymous_3)
FNDA:2,(anonymous_4)
DA:2,3
DA:6,3
DA:9,3
DA:10,3
DA:14,2
DA:18,1
DA:22,2
DA:25,2
DA:26,2
DA:30,2
DA:31,2
DA:32,2
DA:36,3
LF:13
LH:13
BRF:0
BRH:0
end_of_record
TN:
SF:src/services/pollService.js
FN:5,(anonymous_0)
FN:13,(anonymous_1)
FN:17,(anonymous_2)
FN:21,(anonymous_3)
FN:29,(anonymous_4)
FN:35,(anonymous_5)
FN:59,(anonymous_6)
FN:68,(anonymous_7)
FNF:8
FNH:8
FNDA:5,(anonymous_0)
FNDA:1,(anonymous_1)
FNDA:10,(anonymous_2)
FNDA:3,(anonymous_3)
FNDA:3,(anonymous_4)
FNDA:7,(anonymous_5)
FNDA:5,(anonymous_6)
FNDA:3,(anonymous_7)
DA:2,5
DA:6,5
DA:9,5
DA:10,4
DA:14,1
DA:18,10
DA:22,3
DA:25,3
DA:26,3
DA:30,3
DA:31,3
DA:32,3
DA:36,7
DA:37,7
DA:39,6
DA:43,6
DA:44,1
DA:47,5
DA:54,5
DA:56,5
DA:57,3
DA:59,5
DA:68,2
DA:69,3
DA:75,3
DA:76,3
DA:78,3
DA:85,2
DA:93,5
LF:29
LH:29
BRDA:5,0,0,4
BRDA:5,1,0,5
BRDA:37,2,0,1
BRDA:37,2,1,6
BRDA:43,3,0,1
BRDA:43,3,1,5
BRDA:54,4,0,5
BRDA:54,4,1,1
BRDA:56,5,0,3
BRDA:56,5,1,2
BRDA:75,6,0,3
BRDA:75,6,1,1
BRDA:76,7,0,3
BRDA:76,7,1,0
BRF:14
BRH:13
end_of_record
TN:
SF:src/services/userService.js
FN:10,(anonymous_0)
FN:34,(anonymous_1)
FNF:2
FNH:2
FNDA:2,(anonymous_0)
FNDA:4,(anonymous_1)
DA:2,1
DA:11,2
DA:12,2
DA:21,2
DA:23,1
DA:25,1
DA:35,4
DA:36,4
DA:37,4
DA:39,1
DA:44,1
LF:11
LH:11
BRDA:37,0,0,4
BRDA:37,0,1,1
BRF:2
BRH:2
end_of_record
TN:
SF:src/services/voteService.js
FN:5,(anonymous_0)
FN:13,(anonymous_1)
FN:17,(anonymous_2)
FN:21,(anonymous_3)
FN:29,(anonymous_4)
FNF:5
FNH:5
FNDA:2,(anonymous_0)
FNDA:2,(anonymous_1)
FNDA:1,(anonymous_2)
FNDA:2,(anonymous_3)
FNDA:2,(anonymous_4)
DA:2,3
DA:6,2
DA:9,2
DA:10,2
DA:14,2
DA:18,1
DA:22,2
DA:25,2
DA:26,2
DA:30,2
DA:31,2
DA:32,2
DA:36,3
LF:13
LH:13
BRF:0
BRH:0
end_of_record
